  server.cpp
C:\Users\Lenovo\Desktop\넷겜플\NGP_Project\server\server.cpp(53,42): warning C4267: '인수': 'size_t'에서 'u_long'(으)로 변환하면서 데이터가 손실될 수 있습니다.
C:\Users\Lenovo\Desktop\넷겜플\NGP_Project\server\server.cpp(61,50): warning C4244: '인수': 'T'에서 'u_long'(으)로 변환하면서 데이터가 손실될 수 있습니다.
C:\Users\Lenovo\Desktop\넷겜플\NGP_Project\server\server.cpp(61,50): warning C4244:         with
C:\Users\Lenovo\Desktop\넷겜플\NGP_Project\server\server.cpp(61,50): warning C4244:         [
C:\Users\Lenovo\Desktop\넷겜플\NGP_Project\server\server.cpp(61,50): warning C4244:             T=float
C:\Users\Lenovo\Desktop\넷겜플\NGP_Project\server\server.cpp(61,50): warning C4244:         ]
C:\Users\Lenovo\Desktop\넷겜플\NGP_Project\server\server.cpp(61,32): warning C4244: '=': 'u_long'에서 'float'(으)로 변환하면서 데이터가 손실될 수 있습니다.
C:\Users\Lenovo\Desktop\넷겜플\NGP_Project\server\server.cpp(62,50): warning C4244: '인수': 'T'에서 'u_long'(으)로 변환하면서 데이터가 손실될 수 있습니다.
C:\Users\Lenovo\Desktop\넷겜플\NGP_Project\server\server.cpp(62,50): warning C4244:         with
C:\Users\Lenovo\Desktop\넷겜플\NGP_Project\server\server.cpp(62,50): warning C4244:         [
C:\Users\Lenovo\Desktop\넷겜플\NGP_Project\server\server.cpp(62,50): warning C4244:             T=float
C:\Users\Lenovo\Desktop\넷겜플\NGP_Project\server\server.cpp(62,50): warning C4244:         ]
C:\Users\Lenovo\Desktop\넷겜플\NGP_Project\server\server.cpp(62,32): warning C4244: '=': 'u_long'에서 'float'(으)로 변환하면서 데이터가 손실될 수 있습니다.
C:\Users\Lenovo\Desktop\넷겜플\NGP_Project\server\server.cpp(67,62): warning C4267: '인수': 'size_t'에서 'int'(으)로 변환하면서 데이터가 손실될 수 있습니다.
C:\Users\Lenovo\Desktop\넷겜플\NGP_Project\server\server.cpp(111,66): warning C4244: '인수': 'int'에서 'float'(으)로 변환하면서 데이터가 손실될 수 있습니다.
C:\Users\Lenovo\Desktop\넷겜플\NGP_Project\server\server.cpp(111,52): warning C4244: '인수': 'int'에서 'float'(으)로 변환하면서 데이터가 손실될 수 있습니다.
  코드를 생성하고 있습니다.
  2 of 1022 functions ( 0.2%) were compiled, the rest were copied from previous compilation.
    0 functions were new in current compilation
    1 functions had inline decision re-evaluated but remain unchanged
  코드를 생성했습니다.
  Server.vcxproj -> C:\Users\Lenovo\Desktop\넷겜플\NGP_Project\Agar\x64\Release\Server.exe
